<?xml version="1.0" encoding="UTF-8"?>
<testsuite xmlns:xsi="http://www.w3.org/2001/XMLSchema-instance" xsi:noNamespaceSchemaLocation="https://maven.apache.org/surefire/maven-surefire-plugin/xsd/surefire-test-report-3.0.xsd" version="3.0" name="testrunners.TestRunner" time="40.378" tests="4" errors="0" skipped="0" failures="4">
  <properties>
    <property name="sun.desktop" value="windows"/>
    <property name="awt.toolkit" value="sun.awt.windows.WToolkit"/>
    <property name="java.specification.version" value="11"/>
    <property name="webdriver.chrome.driver" value="D:\Users\ppai2114\eclipse-workspace\CucumberTestNg/src/test/resources/drivers/chromedriver.exe"/>
    <property name="sun.cpu.isalist" value="amd64"/>
    <property name="sun.jnu.encoding" value="Cp1252"/>
    <property name="java.class.path" value="D:\Users\ppai2114\eclipse-workspace\CucumberTestNg\target\test-classes;D:\Users\ppai2114\eclipse-workspace\CucumberTestNg\target\classes;D:\Users\ppai2114\.m2\repository\io\cucumber\cucumber-java\7.5.0\cucumber-java-7.5.0.jar;D:\Users\ppai2114\.m2\repository\io\cucumber\cucumber-core\7.5.0\cucumber-core-7.5.0.jar;D:\Users\ppai2114\.m2\repository\io\cucumber\cucumber-gherkin\7.5.0\cucumber-gherkin-7.5.0.jar;D:\Users\ppai2114\.m2\repository\io\cucumber\cucumber-gherkin-messages\7.5.0\cucumber-gherkin-messages-7.5.0.jar;D:\Users\ppai2114\.m2\repository\io\cucumber\messages\18.0.0\messages-18.0.0.jar;D:\Users\ppai2114\.m2\repository\io\cucumber\tag-expressions\4.1.0\tag-expressions-4.1.0.jar;D:\Users\ppai2114\.m2\repository\io\cucumber\cucumber-expressions\16.0.0\cucumber-expressions-16.0.0.jar;D:\Users\ppai2114\.m2\repository\io\cucumber\datatable\7.5.0\datatable-7.5.0.jar;D:\Users\ppai2114\.m2\repository\io\cucumber\cucumber-plugin\7.5.0\cucumber-plugin-7.5.0.jar;D:\Users\ppai2114\.m2\repository\io\cucumber\docstring\7.5.0\docstring-7.5.0.jar;D:\Users\ppai2114\.m2\repository\io\cucumber\html-formatter\19.2.0\html-formatter-19.2.0.jar;D:\Users\ppai2114\.m2\repository\io\cucumber\ci-environment\9.1.0\ci-environment-9.1.0.jar;D:\Users\ppai2114\.m2\repository\org\apiguardian\apiguardian-api\1.1.2\apiguardian-api-1.1.2.jar;D:\Users\ppai2114\.m2\repository\io\cucumber\cucumber-junit\7.5.0\cucumber-junit-7.5.0.jar;D:\Users\ppai2114\.m2\repository\junit\junit\4.13.2\junit-4.13.2.jar;D:\Users\ppai2114\.m2\repository\org\hamcrest\hamcrest-core\1.3\hamcrest-core-1.3.jar;D:\Users\ppai2114\.m2\repository\io\cucumber\cucumber-testng\7.5.0\cucumber-testng-7.5.0.jar;D:\Users\ppai2114\.m2\repository\org\testng\testng\7.5\testng-7.5.jar;D:\Users\ppai2114\.m2\repository\com\google\code\findbugs\jsr305\3.0.1\jsr305-3.0.1.jar;D:\Users\ppai2114\.m2\repository\org\slf4j\slf4j-api\1.7.32\slf4j-api-1.7.32.jar;D:\Users\ppai2114\.m2\repository\com\beust\jcommander\1.78\jcommander-1.78.jar;D:\Users\ppai2114\.m2\repository\org\webjars\jquery\3.5.1\jquery-3.5.1.jar;D:\Users\ppai2114\.m2\repository\org\seleniumhq\selenium\selenium-java\4.3.0\selenium-java-4.3.0.jar;D:\Users\ppai2114\.m2\repository\org\seleniumhq\selenium\selenium-api\4.3.0\selenium-api-4.3.0.jar;D:\Users\ppai2114\.m2\repository\org\seleniumhq\selenium\selenium-chrome-driver\4.3.0\selenium-chrome-driver-4.3.0.jar;D:\Users\ppai2114\.m2\repository\com\google\auto\service\auto-service-annotations\1.0.1\auto-service-annotations-1.0.1.jar;D:\Users\ppai2114\.m2\repository\com\google\auto\service\auto-service\1.0.1\auto-service-1.0.1.jar;D:\Users\ppai2114\.m2\repository\com\google\auto\auto-common\1.2\auto-common-1.2.jar;D:\Users\ppai2114\.m2\repository\com\google\guava\guava\31.1-jre\guava-31.1-jre.jar;D:\Users\ppai2114\.m2\repository\com\google\guava\failureaccess\1.0.1\failureaccess-1.0.1.jar;D:\Users\ppai2114\.m2\repository\com\google\guava\listenablefuture\9999.0-empty-to-avoid-conflict-with-guava\listenablefuture-9999.0-empty-to-avoid-conflict-with-guava.jar;D:\Users\ppai2114\.m2\repository\org\checkerframework\checker-qual\3.12.0\checker-qual-3.12.0.jar;D:\Users\ppai2114\.m2\repository\com\google\errorprone\error_prone_annotations\2.11.0\error_prone_annotations-2.11.0.jar;D:\Users\ppai2114\.m2\repository\com\google\j2objc\j2objc-annotations\1.3\j2objc-annotations-1.3.jar;D:\Users\ppai2114\.m2\repository\org\seleniumhq\selenium\selenium-chromium-driver\4.3.0\selenium-chromium-driver-4.3.0.jar;D:\Users\ppai2114\.m2\repository\org\seleniumhq\selenium\selenium-json\4.3.0\selenium-json-4.3.0.jar;D:\Users\ppai2114\.m2\repository\org\seleniumhq\selenium\selenium-devtools-v101\4.3.0\selenium-devtools-v101-4.3.0.jar;D:\Users\ppai2114\.m2\repository\org\seleniumhq\selenium\selenium-devtools-v102\4.3.0\selenium-devtools-v102-4.3.0.jar;D:\Users\ppai2114\.m2\repository\org\seleniumhq\selenium\selenium-devtools-v103\4.3.0\selenium-devtools-v103-4.3.0.jar;D:\Users\ppai2114\.m2\repository\org\seleniumhq\selenium\selenium-devtools-v85\4.3.0\selenium-devtools-v85-4.3.0.jar;D:\Users\ppai2114\.m2\repository\org\seleniumhq\selenium\selenium-edge-driver\4.3.0\selenium-edge-driver-4.3.0.jar;D:\Users\ppai2114\.m2\repository\org\seleniumhq\selenium\selenium-firefox-driver\4.3.0\selenium-firefox-driver-4.3.0.jar;D:\Users\ppai2114\.m2\repository\org\seleniumhq\selenium\selenium-ie-driver\4.3.0\selenium-ie-driver-4.3.0.jar;D:\Users\ppai2114\.m2\repository\org\seleniumhq\selenium\selenium-opera-driver\4.3.0\selenium-opera-driver-4.3.0.jar;D:\Users\ppai2114\.m2\repository\org\seleniumhq\selenium\selenium-remote-driver\4.3.0\selenium-remote-driver-4.3.0.jar;D:\Users\ppai2114\.m2\repository\io\netty\netty-buffer\4.1.78.Final\netty-buffer-4.1.78.Final.jar;D:\Users\ppai2114\.m2\repository\io\netty\netty-codec-http\4.1.78.Final\netty-codec-http-4.1.78.Final.jar;D:\Users\ppai2114\.m2\repository\io\netty\netty-codec\4.1.78.Final\netty-codec-4.1.78.Final.jar;D:\Users\ppai2114\.m2\repository\io\netty\netty-handler\4.1.78.Final\netty-handler-4.1.78.Final.jar;D:\Users\ppai2114\.m2\repository\io\netty\netty-common\4.1.78.Final\netty-common-4.1.78.Final.jar;D:\Users\ppai2114\.m2\repository\io\netty\netty-transport-classes-epoll\4.1.78.Final\netty-transport-classes-epoll-4.1.78.Final.jar;D:\Users\ppai2114\.m2\repository\io\netty\netty-transport-classes-kqueue\4.1.78.Final\netty-transport-classes-kqueue-4.1.78.Final.jar;D:\Users\ppai2114\.m2\repository\io\netty\netty-transport-native-epoll\4.1.78.Final\netty-transport-native-epoll-4.1.78.Final.jar;D:\Users\ppai2114\.m2\repository\io\netty\netty-transport-native-kqueue\4.1.78.Final\netty-transport-native-kqueue-4.1.78.Final.jar;D:\Users\ppai2114\.m2\repository\io\netty\netty-transport-native-unix-common\4.1.78.Final\netty-transport-native-unix-common-4.1.78.Final.jar;D:\Users\ppai2114\.m2\repository\io\netty\netty-transport\4.1.78.Final\netty-transport-4.1.78.Final.jar;D:\Users\ppai2114\.m2\repository\io\netty\netty-resolver\4.1.78.Final\netty-resolver-4.1.78.Final.jar;D:\Users\ppai2114\.m2\repository\io\opentelemetry\opentelemetry-api\1.15.0\opentelemetry-api-1.15.0.jar;D:\Users\ppai2114\.m2\repository\io\opentelemetry\opentelemetry-context\1.15.0\opentelemetry-context-1.15.0.jar;D:\Users\ppai2114\.m2\repository\io\opentelemetry\opentelemetry-exporter-logging\1.15.0\opentelemetry-exporter-logging-1.15.0.jar;D:\Users\ppai2114\.m2\repository\io\opentelemetry\opentelemetry-sdk-metrics\1.15.0\opentelemetry-sdk-metrics-1.15.0.jar;D:\Users\ppai2114\.m2\repository\io\opentelemetry\opentelemetry-sdk-logs\1.15.0-alpha\opentelemetry-sdk-logs-1.15.0-alpha.jar;D:\Users\ppai2114\.m2\repository\io\opentelemetry\opentelemetry-sdk-common\1.15.0\opentelemetry-sdk-common-1.15.0.jar;D:\Users\ppai2114\.m2\repository\io\opentelemetry\opentelemetry-sdk-extension-autoconfigure-spi\1.15.0\opentelemetry-sdk-extension-autoconfigure-spi-1.15.0.jar;D:\Users\ppai2114\.m2\repository\io\opentelemetry\opentelemetry-sdk-extension-autoconfigure\1.15.0-alpha\opentelemetry-sdk-extension-autoconfigure-1.15.0-alpha.jar;D:\Users\ppai2114\.m2\repository\io\opentelemetry\opentelemetry-sdk-trace\1.15.0\opentelemetry-sdk-trace-1.15.0.jar;D:\Users\ppai2114\.m2\repository\io\opentelemetry\opentelemetry-sdk\1.15.0\opentelemetry-sdk-1.15.0.jar;D:\Users\ppai2114\.m2\repository\io\opentelemetry\opentelemetry-semconv\1.15.0-alpha\opentelemetry-semconv-1.15.0-alpha.jar;D:\Users\ppai2114\.m2\repository\io\ous\jtoml\2.0.0\jtoml-2.0.0.jar;D:\Users\ppai2114\.m2\repository\net\bytebuddy\byte-buddy\1.12.10\byte-buddy-1.12.10.jar;D:\Users\ppai2114\.m2\repository\org\apache\commons\commons-exec\1.3\commons-exec-1.3.jar;D:\Users\ppai2114\.m2\repository\org\asynchttpclient\async-http-client\2.12.3\async-http-client-2.12.3.jar;D:\Users\ppai2114\.m2\repository\org\asynchttpclient\async-http-client-netty-utils\2.12.3\async-http-client-netty-utils-2.12.3.jar;D:\Users\ppai2114\.m2\repository\io\netty\netty-codec-socks\4.1.60.Final\netty-codec-socks-4.1.60.Final.jar;D:\Users\ppai2114\.m2\repository\io\netty\netty-handler-proxy\4.1.60.Final\netty-handler-proxy-4.1.60.Final.jar;D:\Users\ppai2114\.m2\repository\io\netty\netty-transport-native-epoll\4.1.60.Final\netty-transport-native-epoll-4.1.60.Final-linux-x86_64.jar;D:\Users\ppai2114\.m2\repository\io\netty\netty-transport-native-kqueue\4.1.60.Final\netty-transport-native-kqueue-4.1.60.Final-osx-x86_64.jar;D:\Users\ppai2114\.m2\repository\org\reactivestreams\reactive-streams\1.0.3\reactive-streams-1.0.3.jar;D:\Users\ppai2114\.m2\repository\com\typesafe\netty\netty-reactive-streams\2.0.4\netty-reactive-streams-2.0.4.jar;D:\Users\ppai2114\.m2\repository\com\sun\activation\jakarta.activation\1.2.2\jakarta.activation-1.2.2.jar;D:\Users\ppai2114\.m2\repository\org\seleniumhq\selenium\selenium-http\4.3.0\selenium-http-4.3.0.jar;D:\Users\ppai2114\.m2\repository\dev\failsafe\failsafe\3.2.4\failsafe-3.2.4.jar;D:\Users\ppai2114\.m2\repository\org\seleniumhq\selenium\selenium-safari-driver\4.3.0\selenium-safari-driver-4.3.0.jar;D:\Users\ppai2114\.m2\repository\org\seleniumhq\selenium\selenium-support\4.3.0\selenium-support-4.3.0.jar;D:\Users\ppai2114\.m2\repository\tech\grasshopper\extentreports-cucumber7-adapter\1.7.0\extentreports-cucumber7-adapter-1.7.0.jar;D:\Users\ppai2114\.m2\repository\com\aventstack\extentreports\5.0.9\extentreports-5.0.9.jar;D:\Users\ppai2114\.m2\repository\io\reactivex\rxjava3\rxjava\3.0.4\rxjava-3.0.4.jar;D:\Users\ppai2114\.m2\repository\org\freemarker\freemarker\2.3.30\freemarker-2.3.30.jar;D:\Users\ppai2114\.m2\repository\org\projectlombok\lombok\1.18.12\lombok-1.18.12.jar;D:\Users\ppai2114\.m2\repository\com\google\code\gson\gson\2.8.6\gson-2.8.6.jar;D:\Users\ppai2114\.m2\repository\tech\grasshopper\extent-pdf-report\2.7.0\extent-pdf-report-2.7.0.jar;D:\Users\ppai2114\.m2\repository\tech\grasshopper\cucumber-pdf-report\2.10.0\cucumber-pdf-report-2.10.0.jar;D:\Users\ppai2114\.m2\repository\org\apache\pdfbox\pdfbox\2.0.26\pdfbox-2.0.26.jar;D:\Users\ppai2114\.m2\repository\org\apache\pdfbox\fontbox\2.0.26\fontbox-2.0.26.jar;D:\Users\ppai2114\.m2\repository\org\knowm\xchart\xchart\3.8.0\xchart-3.8.0.jar;D:\Users\ppai2114\.m2\repository\de\erichseifert\vectorgraphics2d\VectorGraphics2D\0.13\VectorGraphics2D-0.13.jar;D:\Users\ppai2114\.m2\repository\de\rototor\pdfbox\graphics2d\0.30\graphics2d-0.30.jar;D:\Users\ppai2114\.m2\repository\com\madgag\animated-gif-lib\1.4\animated-gif-lib-1.4.jar;D:\Users\ppai2114\.m2\repository\org\yaml\snakeyaml\1.28\snakeyaml-1.28.jar;D:\Users\ppai2114\.m2\repository\tech\grasshopper\table-layout\1.5.1\table-layout-1.5.1.jar;D:\Users\ppai2114\.m2\repository\tech\grasshopper\rest-assured-cucumber-pdf-report\1.4.1\rest-assured-cucumber-pdf-report-1.4.1.jar;D:\Users\ppai2114\.m2\repository\org\jsoup\jsoup\1.14.3\jsoup-1.14.3.jar;D:\Users\ppai2114\.m2\repository\com\aventstack\klov-reporter\5.0.9\klov-reporter-5.0.9.jar;D:\Users\ppai2114\.m2\repository\org\mongodb\mongodb-driver\3.6.4\mongodb-driver-3.6.4.jar;D:\Users\ppai2114\.m2\repository\org\mongodb\mongodb-driver-core\3.6.4\mongodb-driver-core-3.6.4.jar;D:\Users\ppai2114\.m2\repository\org\mongodb\bson\3.6.4\bson-3.6.4.jar;D:\Users\ppai2114\.m2\repository\org\apache\httpcomponents\httpclient\4.5.13\httpclient-4.5.13.jar;D:\Users\ppai2114\.m2\repository\org\apache\httpcomponents\httpcore\4.4.13\httpcore-4.4.13.jar;D:\Users\ppai2114\.m2\repository\commons-logging\commons-logging\1.2\commons-logging-1.2.jar;D:\Users\ppai2114\.m2\repository\org\apache\httpcomponents\httpmime\4.5.13\httpmime-4.5.13.jar;D:\Users\ppai2114\.m2\repository\tech\grasshopper\htmlextentreporter\1.0.1\htmlextentreporter-1.0.1.jar;D:\Users\ppai2114\.m2\repository\org\apache\logging\log4j\log4j-api\2.18.0\log4j-api-2.18.0.jar;D:\Users\ppai2114\.m2\repository\org\apache\logging\log4j\log4j-core\2.18.0\log4j-core-2.18.0.jar;D:\Users\ppai2114\.m2\repository\fr\opensagres\xdocreport\fr.opensagres.xdocreport.document\1.0.5\fr.opensagres.xdocreport.document-1.0.5.jar;D:\Users\ppai2114\.m2\repository\fr\opensagres\xdocreport\fr.opensagres.xdocreport.core\1.0.5\fr.opensagres.xdocreport.core-1.0.5.jar;D:\Users\ppai2114\.m2\repository\fr\opensagres\xdocreport\fr.opensagres.xdocreport.converter\1.0.5\fr.opensagres.xdocreport.converter-1.0.5.jar;D:\Users\ppai2114\.m2\repository\fr\opensagres\xdocreport\fr.opensagres.xdocreport.template\1.0.5\fr.opensagres.xdocreport.template-1.0.5.jar;D:\Users\ppai2114\.m2\repository\fr\opensagres\xdocreport\org.apache.poi.xwpf.converter.xhtml\1.0.5\org.apache.poi.xwpf.converter.xhtml-1.0.5.jar;D:\Users\ppai2114\.m2\repository\fr\opensagres\xdocreport\org.apache.poi.xwpf.converter.core\1.0.5\org.apache.poi.xwpf.converter.core-1.0.5.jar;D:\Users\ppai2114\.m2\repository\org\apache\poi\poi-ooxml\3.10-FINAL\poi-ooxml-3.10-FINAL.jar;D:\Users\ppai2114\.m2\repository\dom4j\dom4j\1.6.1\dom4j-1.6.1.jar;D:\Users\ppai2114\.m2\repository\xml-apis\xml-apis\1.0.b2\xml-apis-1.0.b2.jar;D:\Users\ppai2114\.m2\repository\org\apache\poi\ooxml-schemas\1.1\ooxml-schemas-1.1.jar;D:\Users\ppai2114\.m2\repository\org\apache\xmlbeans\xmlbeans\2.3.0\xmlbeans-2.3.0.jar;D:\Users\ppai2114\.m2\repository\stax\stax-api\1.0.1\stax-api-1.0.1.jar;D:\Users\ppai2114\.m2\repository\org\apache\poi\poi\3.12\poi-3.12.jar;D:\Users\ppai2114\.m2\repository\commons-codec\commons-codec\1.9\commons-codec-1.9.jar;D:\Users\ppai2114\.m2\repository\org\apache\poi\poi-scratchpad\3.12\poi-scratchpad-3.12.jar;D:\Users\ppai2114\.m2\repository\io\qameta\allure\allure-cucumber7-jvm\2.19.0\allure-cucumber7-jvm-2.19.0.jar;D:\Users\ppai2114\.m2\repository\io\qameta\allure\allure-java-commons\2.19.0\allure-java-commons-2.19.0.jar;D:\Users\ppai2114\.m2\repository\io\qameta\allure\allure-model\2.19.0\allure-model-2.19.0.jar;D:\Users\ppai2114\.m2\repository\io\cucumber\gherkin\23.0.1\gherkin-23.0.1.jar;D:\Users\ppai2114\.m2\repository\io\qameta\allure\allure-testng\2.17.3\allure-testng-2.17.3.jar;D:\Users\ppai2114\.m2\repository\io\qameta\allure\allure-test-filter\2.17.3\allure-test-filter-2.17.3.jar;"/>
    <property name="java.vm.vendor" value="Oracle Corporation"/>
    <property name="sun.arch.data.model" value="64"/>
    <property name="user.variant" value=""/>
    <property name="java.vendor.url" value="https://openjdk.java.net/"/>
    <property name="user.timezone" value="America/New_York"/>
    <property name="java.vm.specification.version" value="11"/>
    <property name="os.name" value="Windows 10"/>
    <property name="sun.java.launcher" value="SUN_STANDARD"/>
    <property name="user.country" value="US"/>
    <property name="sun.boot.library.path" value="C:\Program Files\Java\jdk-11.0.14\bin"/>
    <property name="sun.java.command" value="D:\Users\ppai2114\AppData\Local\Temp\1\surefire16962633796239183263\surefirebooter-20220916094725875_3.jar D:\Users\ppai2114\AppData\Local\Temp\1\surefire16962633796239183263 2022-09-16T09-47-24_617-jvmRun1 surefire-20220916094725875_1tmp surefire_0-20220916094725875_2tmp"/>
    <property name="jdk.debug" value="release"/>
    <property name="surefire.test.class.path" value="D:\Users\ppai2114\eclipse-workspace\CucumberTestNg\target\test-classes;D:\Users\ppai2114\eclipse-workspace\CucumberTestNg\target\classes;D:\Users\ppai2114\.m2\repository\io\cucumber\cucumber-java\7.5.0\cucumber-java-7.5.0.jar;D:\Users\ppai2114\.m2\repository\io\cucumber\cucumber-core\7.5.0\cucumber-core-7.5.0.jar;D:\Users\ppai2114\.m2\repository\io\cucumber\cucumber-gherkin\7.5.0\cucumber-gherkin-7.5.0.jar;D:\Users\ppai2114\.m2\repository\io\cucumber\cucumber-gherkin-messages\7.5.0\cucumber-gherkin-messages-7.5.0.jar;D:\Users\ppai2114\.m2\repository\io\cucumber\messages\18.0.0\messages-18.0.0.jar;D:\Users\ppai2114\.m2\repository\io\cucumber\tag-expressions\4.1.0\tag-expressions-4.1.0.jar;D:\Users\ppai2114\.m2\repository\io\cucumber\cucumber-expressions\16.0.0\cucumber-expressions-16.0.0.jar;D:\Users\ppai2114\.m2\repository\io\cucumber\datatable\7.5.0\datatable-7.5.0.jar;D:\Users\ppai2114\.m2\repository\io\cucumber\cucumber-plugin\7.5.0\cucumber-plugin-7.5.0.jar;D:\Users\ppai2114\.m2\repository\io\cucumber\docstring\7.5.0\docstring-7.5.0.jar;D:\Users\ppai2114\.m2\repository\io\cucumber\html-formatter\19.2.0\html-formatter-19.2.0.jar;D:\Users\ppai2114\.m2\repository\io\cucumber\ci-environment\9.1.0\ci-environment-9.1.0.jar;D:\Users\ppai2114\.m2\repository\org\apiguardian\apiguardian-api\1.1.2\apiguardian-api-1.1.2.jar;D:\Users\ppai2114\.m2\repository\io\cucumber\cucumber-junit\7.5.0\cucumber-junit-7.5.0.jar;D:\Users\ppai2114\.m2\repository\junit\junit\4.13.2\junit-4.13.2.jar;D:\Users\ppai2114\.m2\repository\org\hamcrest\hamcrest-core\1.3\hamcrest-core-1.3.jar;D:\Users\ppai2114\.m2\repository\io\cucumber\cucumber-testng\7.5.0\cucumber-testng-7.5.0.jar;D:\Users\ppai2114\.m2\repository\org\testng\testng\7.5\testng-7.5.jar;D:\Users\ppai2114\.m2\repository\com\google\code\findbugs\jsr305\3.0.1\jsr305-3.0.1.jar;D:\Users\ppai2114\.m2\repository\org\slf4j\slf4j-api\1.7.32\slf4j-api-1.7.32.jar;D:\Users\ppai2114\.m2\repository\com\beust\jcommander\1.78\jcommander-1.78.jar;D:\Users\ppai2114\.m2\repository\org\webjars\jquery\3.5.1\jquery-3.5.1.jar;D:\Users\ppai2114\.m2\repository\org\seleniumhq\selenium\selenium-java\4.3.0\selenium-java-4.3.0.jar;D:\Users\ppai2114\.m2\repository\org\seleniumhq\selenium\selenium-api\4.3.0\selenium-api-4.3.0.jar;D:\Users\ppai2114\.m2\repository\org\seleniumhq\selenium\selenium-chrome-driver\4.3.0\selenium-chrome-driver-4.3.0.jar;D:\Users\ppai2114\.m2\repository\com\google\auto\service\auto-service-annotations\1.0.1\auto-service-annotations-1.0.1.jar;D:\Users\ppai2114\.m2\repository\com\google\auto\service\auto-service\1.0.1\auto-service-1.0.1.jar;D:\Users\ppai2114\.m2\repository\com\google\auto\auto-common\1.2\auto-common-1.2.jar;D:\Users\ppai2114\.m2\repository\com\google\guava\guava\31.1-jre\guava-31.1-jre.jar;D:\Users\ppai2114\.m2\repository\com\google\guava\failureaccess\1.0.1\failureaccess-1.0.1.jar;D:\Users\ppai2114\.m2\repository\com\google\guava\listenablefuture\9999.0-empty-to-avoid-conflict-with-guava\listenablefuture-9999.0-empty-to-avoid-conflict-with-guava.jar;D:\Users\ppai2114\.m2\repository\org\checkerframework\checker-qual\3.12.0\checker-qual-3.12.0.jar;D:\Users\ppai2114\.m2\repository\com\google\errorprone\error_prone_annotations\2.11.0\error_prone_annotations-2.11.0.jar;D:\Users\ppai2114\.m2\repository\com\google\j2objc\j2objc-annotations\1.3\j2objc-annotations-1.3.jar;D:\Users\ppai2114\.m2\repository\org\seleniumhq\selenium\selenium-chromium-driver\4.3.0\selenium-chromium-driver-4.3.0.jar;D:\Users\ppai2114\.m2\repository\org\seleniumhq\selenium\selenium-json\4.3.0\selenium-json-4.3.0.jar;D:\Users\ppai2114\.m2\repository\org\seleniumhq\selenium\selenium-devtools-v101\4.3.0\selenium-devtools-v101-4.3.0.jar;D:\Users\ppai2114\.m2\repository\org\seleniumhq\selenium\selenium-devtools-v102\4.3.0\selenium-devtools-v102-4.3.0.jar;D:\Users\ppai2114\.m2\repository\org\seleniumhq\selenium\selenium-devtools-v103\4.3.0\selenium-devtools-v103-4.3.0.jar;D:\Users\ppai2114\.m2\repository\org\seleniumhq\selenium\selenium-devtools-v85\4.3.0\selenium-devtools-v85-4.3.0.jar;D:\Users\ppai2114\.m2\repository\org\seleniumhq\selenium\selenium-edge-driver\4.3.0\selenium-edge-driver-4.3.0.jar;D:\Users\ppai2114\.m2\repository\org\seleniumhq\selenium\selenium-firefox-driver\4.3.0\selenium-firefox-driver-4.3.0.jar;D:\Users\ppai2114\.m2\repository\org\seleniumhq\selenium\selenium-ie-driver\4.3.0\selenium-ie-driver-4.3.0.jar;D:\Users\ppai2114\.m2\repository\org\seleniumhq\selenium\selenium-opera-driver\4.3.0\selenium-opera-driver-4.3.0.jar;D:\Users\ppai2114\.m2\repository\org\seleniumhq\selenium\selenium-remote-driver\4.3.0\selenium-remote-driver-4.3.0.jar;D:\Users\ppai2114\.m2\repository\io\netty\netty-buffer\4.1.78.Final\netty-buffer-4.1.78.Final.jar;D:\Users\ppai2114\.m2\repository\io\netty\netty-codec-http\4.1.78.Final\netty-codec-http-4.1.78.Final.jar;D:\Users\ppai2114\.m2\repository\io\netty\netty-codec\4.1.78.Final\netty-codec-4.1.78.Final.jar;D:\Users\ppai2114\.m2\repository\io\netty\netty-handler\4.1.78.Final\netty-handler-4.1.78.Final.jar;D:\Users\ppai2114\.m2\repository\io\netty\netty-common\4.1.78.Final\netty-common-4.1.78.Final.jar;D:\Users\ppai2114\.m2\repository\io\netty\netty-transport-classes-epoll\4.1.78.Final\netty-transport-classes-epoll-4.1.78.Final.jar;D:\Users\ppai2114\.m2\repository\io\netty\netty-transport-classes-kqueue\4.1.78.Final\netty-transport-classes-kqueue-4.1.78.Final.jar;D:\Users\ppai2114\.m2\repository\io\netty\netty-transport-native-epoll\4.1.78.Final\netty-transport-native-epoll-4.1.78.Final.jar;D:\Users\ppai2114\.m2\repository\io\netty\netty-transport-native-kqueue\4.1.78.Final\netty-transport-native-kqueue-4.1.78.Final.jar;D:\Users\ppai2114\.m2\repository\io\netty\netty-transport-native-unix-common\4.1.78.Final\netty-transport-native-unix-common-4.1.78.Final.jar;D:\Users\ppai2114\.m2\repository\io\netty\netty-transport\4.1.78.Final\netty-transport-4.1.78.Final.jar;D:\Users\ppai2114\.m2\repository\io\netty\netty-resolver\4.1.78.Final\netty-resolver-4.1.78.Final.jar;D:\Users\ppai2114\.m2\repository\io\opentelemetry\opentelemetry-api\1.15.0\opentelemetry-api-1.15.0.jar;D:\Users\ppai2114\.m2\repository\io\opentelemetry\opentelemetry-context\1.15.0\opentelemetry-context-1.15.0.jar;D:\Users\ppai2114\.m2\repository\io\opentelemetry\opentelemetry-exporter-logging\1.15.0\opentelemetry-exporter-logging-1.15.0.jar;D:\Users\ppai2114\.m2\repository\io\opentelemetry\opentelemetry-sdk-metrics\1.15.0\opentelemetry-sdk-metrics-1.15.0.jar;D:\Users\ppai2114\.m2\repository\io\opentelemetry\opentelemetry-sdk-logs\1.15.0-alpha\opentelemetry-sdk-logs-1.15.0-alpha.jar;D:\Users\ppai2114\.m2\repository\io\opentelemetry\opentelemetry-sdk-common\1.15.0\opentelemetry-sdk-common-1.15.0.jar;D:\Users\ppai2114\.m2\repository\io\opentelemetry\opentelemetry-sdk-extension-autoconfigure-spi\1.15.0\opentelemetry-sdk-extension-autoconfigure-spi-1.15.0.jar;D:\Users\ppai2114\.m2\repository\io\opentelemetry\opentelemetry-sdk-extension-autoconfigure\1.15.0-alpha\opentelemetry-sdk-extension-autoconfigure-1.15.0-alpha.jar;D:\Users\ppai2114\.m2\repository\io\opentelemetry\opentelemetry-sdk-trace\1.15.0\opentelemetry-sdk-trace-1.15.0.jar;D:\Users\ppai2114\.m2\repository\io\opentelemetry\opentelemetry-sdk\1.15.0\opentelemetry-sdk-1.15.0.jar;D:\Users\ppai2114\.m2\repository\io\opentelemetry\opentelemetry-semconv\1.15.0-alpha\opentelemetry-semconv-1.15.0-alpha.jar;D:\Users\ppai2114\.m2\repository\io\ous\jtoml\2.0.0\jtoml-2.0.0.jar;D:\Users\ppai2114\.m2\repository\net\bytebuddy\byte-buddy\1.12.10\byte-buddy-1.12.10.jar;D:\Users\ppai2114\.m2\repository\org\apache\commons\commons-exec\1.3\commons-exec-1.3.jar;D:\Users\ppai2114\.m2\repository\org\asynchttpclient\async-http-client\2.12.3\async-http-client-2.12.3.jar;D:\Users\ppai2114\.m2\repository\org\asynchttpclient\async-http-client-netty-utils\2.12.3\async-http-client-netty-utils-2.12.3.jar;D:\Users\ppai2114\.m2\repository\io\netty\netty-codec-socks\4.1.60.Final\netty-codec-socks-4.1.60.Final.jar;D:\Users\ppai2114\.m2\repository\io\netty\netty-handler-proxy\4.1.60.Final\netty-handler-proxy-4.1.60.Final.jar;D:\Users\ppai2114\.m2\repository\io\netty\netty-transport-native-epoll\4.1.60.Final\netty-transport-native-epoll-4.1.60.Final-linux-x86_64.jar;D:\Users\ppai2114\.m2\repository\io\netty\netty-transport-native-kqueue\4.1.60.Final\netty-transport-native-kqueue-4.1.60.Final-osx-x86_64.jar;D:\Users\ppai2114\.m2\repository\org\reactivestreams\reactive-streams\1.0.3\reactive-streams-1.0.3.jar;D:\Users\ppai2114\.m2\repository\com\typesafe\netty\netty-reactive-streams\2.0.4\netty-reactive-streams-2.0.4.jar;D:\Users\ppai2114\.m2\repository\com\sun\activation\jakarta.activation\1.2.2\jakarta.activation-1.2.2.jar;D:\Users\ppai2114\.m2\repository\org\seleniumhq\selenium\selenium-http\4.3.0\selenium-http-4.3.0.jar;D:\Users\ppai2114\.m2\repository\dev\failsafe\failsafe\3.2.4\failsafe-3.2.4.jar;D:\Users\ppai2114\.m2\repository\org\seleniumhq\selenium\selenium-safari-driver\4.3.0\selenium-safari-driver-4.3.0.jar;D:\Users\ppai2114\.m2\repository\org\seleniumhq\selenium\selenium-support\4.3.0\selenium-support-4.3.0.jar;D:\Users\ppai2114\.m2\repository\tech\grasshopper\extentreports-cucumber7-adapter\1.7.0\extentreports-cucumber7-adapter-1.7.0.jar;D:\Users\ppai2114\.m2\repository\com\aventstack\extentreports\5.0.9\extentreports-5.0.9.jar;D:\Users\ppai2114\.m2\repository\io\reactivex\rxjava3\rxjava\3.0.4\rxjava-3.0.4.jar;D:\Users\ppai2114\.m2\repository\org\freemarker\freemarker\2.3.30\freemarker-2.3.30.jar;D:\Users\ppai2114\.m2\repository\org\projectlombok\lombok\1.18.12\lombok-1.18.12.jar;D:\Users\ppai2114\.m2\repository\com\google\code\gson\gson\2.8.6\gson-2.8.6.jar;D:\Users\ppai2114\.m2\repository\tech\grasshopper\extent-pdf-report\2.7.0\extent-pdf-report-2.7.0.jar;D:\Users\ppai2114\.m2\repository\tech\grasshopper\cucumber-pdf-report\2.10.0\cucumber-pdf-report-2.10.0.jar;D:\Users\ppai2114\.m2\repository\org\apache\pdfbox\pdfbox\2.0.26\pdfbox-2.0.26.jar;D:\Users\ppai2114\.m2\repository\org\apache\pdfbox\fontbox\2.0.26\fontbox-2.0.26.jar;D:\Users\ppai2114\.m2\repository\org\knowm\xchart\xchart\3.8.0\xchart-3.8.0.jar;D:\Users\ppai2114\.m2\repository\de\erichseifert\vectorgraphics2d\VectorGraphics2D\0.13\VectorGraphics2D-0.13.jar;D:\Users\ppai2114\.m2\repository\de\rototor\pdfbox\graphics2d\0.30\graphics2d-0.30.jar;D:\Users\ppai2114\.m2\repository\com\madgag\animated-gif-lib\1.4\animated-gif-lib-1.4.jar;D:\Users\ppai2114\.m2\repository\org\yaml\snakeyaml\1.28\snakeyaml-1.28.jar;D:\Users\ppai2114\.m2\repository\tech\grasshopper\table-layout\1.5.1\table-layout-1.5.1.jar;D:\Users\ppai2114\.m2\repository\tech\grasshopper\rest-assured-cucumber-pdf-report\1.4.1\rest-assured-cucumber-pdf-report-1.4.1.jar;D:\Users\ppai2114\.m2\repository\org\jsoup\jsoup\1.14.3\jsoup-1.14.3.jar;D:\Users\ppai2114\.m2\repository\com\aventstack\klov-reporter\5.0.9\klov-reporter-5.0.9.jar;D:\Users\ppai2114\.m2\repository\org\mongodb\mongodb-driver\3.6.4\mongodb-driver-3.6.4.jar;D:\Users\ppai2114\.m2\repository\org\mongodb\mongodb-driver-core\3.6.4\mongodb-driver-core-3.6.4.jar;D:\Users\ppai2114\.m2\repository\org\mongodb\bson\3.6.4\bson-3.6.4.jar;D:\Users\ppai2114\.m2\repository\org\apache\httpcomponents\httpclient\4.5.13\httpclient-4.5.13.jar;D:\Users\ppai2114\.m2\repository\org\apache\httpcomponents\httpcore\4.4.13\httpcore-4.4.13.jar;D:\Users\ppai2114\.m2\repository\commons-logging\commons-logging\1.2\commons-logging-1.2.jar;D:\Users\ppai2114\.m2\repository\org\apache\httpcomponents\httpmime\4.5.13\httpmime-4.5.13.jar;D:\Users\ppai2114\.m2\repository\tech\grasshopper\htmlextentreporter\1.0.1\htmlextentreporter-1.0.1.jar;D:\Users\ppai2114\.m2\repository\org\apache\logging\log4j\log4j-api\2.18.0\log4j-api-2.18.0.jar;D:\Users\ppai2114\.m2\repository\org\apache\logging\log4j\log4j-core\2.18.0\log4j-core-2.18.0.jar;D:\Users\ppai2114\.m2\repository\fr\opensagres\xdocreport\fr.opensagres.xdocreport.document\1.0.5\fr.opensagres.xdocreport.document-1.0.5.jar;D:\Users\ppai2114\.m2\repository\fr\opensagres\xdocreport\fr.opensagres.xdocreport.core\1.0.5\fr.opensagres.xdocreport.core-1.0.5.jar;D:\Users\ppai2114\.m2\repository\fr\opensagres\xdocreport\fr.opensagres.xdocreport.converter\1.0.5\fr.opensagres.xdocreport.converter-1.0.5.jar;D:\Users\ppai2114\.m2\repository\fr\opensagres\xdocreport\fr.opensagres.xdocreport.template\1.0.5\fr.opensagres.xdocreport.template-1.0.5.jar;D:\Users\ppai2114\.m2\repository\fr\opensagres\xdocreport\org.apache.poi.xwpf.converter.xhtml\1.0.5\org.apache.poi.xwpf.converter.xhtml-1.0.5.jar;D:\Users\ppai2114\.m2\repository\fr\opensagres\xdocreport\org.apache.poi.xwpf.converter.core\1.0.5\org.apache.poi.xwpf.converter.core-1.0.5.jar;D:\Users\ppai2114\.m2\repository\org\apache\poi\poi-ooxml\3.10-FINAL\poi-ooxml-3.10-FINAL.jar;D:\Users\ppai2114\.m2\repository\dom4j\dom4j\1.6.1\dom4j-1.6.1.jar;D:\Users\ppai2114\.m2\repository\xml-apis\xml-apis\1.0.b2\xml-apis-1.0.b2.jar;D:\Users\ppai2114\.m2\repository\org\apache\poi\ooxml-schemas\1.1\ooxml-schemas-1.1.jar;D:\Users\ppai2114\.m2\repository\org\apache\xmlbeans\xmlbeans\2.3.0\xmlbeans-2.3.0.jar;D:\Users\ppai2114\.m2\repository\stax\stax-api\1.0.1\stax-api-1.0.1.jar;D:\Users\ppai2114\.m2\repository\org\apache\poi\poi\3.12\poi-3.12.jar;D:\Users\ppai2114\.m2\repository\commons-codec\commons-codec\1.9\commons-codec-1.9.jar;D:\Users\ppai2114\.m2\repository\org\apache\poi\poi-scratchpad\3.12\poi-scratchpad-3.12.jar;D:\Users\ppai2114\.m2\repository\io\qameta\allure\allure-cucumber7-jvm\2.19.0\allure-cucumber7-jvm-2.19.0.jar;D:\Users\ppai2114\.m2\repository\io\qameta\allure\allure-java-commons\2.19.0\allure-java-commons-2.19.0.jar;D:\Users\ppai2114\.m2\repository\io\qameta\allure\allure-model\2.19.0\allure-model-2.19.0.jar;D:\Users\ppai2114\.m2\repository\io\cucumber\gherkin\23.0.1\gherkin-23.0.1.jar;D:\Users\ppai2114\.m2\repository\io\qameta\allure\allure-testng\2.17.3\allure-testng-2.17.3.jar;D:\Users\ppai2114\.m2\repository\io\qameta\allure\allure-test-filter\2.17.3\allure-test-filter-2.17.3.jar;"/>
    <property name="sun.cpu.endian" value="little"/>
    <property name="user.home" value="D:\Users\ppai2114"/>
    <property name="user.language" value="en"/>
    <property name="java.specification.vendor" value="Oracle Corporation"/>
    <property name="java.version.date" value="2022-01-18"/>
    <property name="java.home" value="C:\Program Files\Java\jdk-11.0.14"/>
    <property name="file.separator" value="\"/>
    <property name="basedir" value="D:\Users\ppai2114\eclipse-workspace\CucumberTestNg"/>
    <property name="java.vm.compressedOopsMode" value="Zero based"/>
    <property name="line.separator" value="&#10;"/>
    <property name="java.specification.name" value="Java Platform API Specification"/>
    <property name="java.vm.specification.vendor" value="Oracle Corporation"/>
    <property name="java.awt.graphicsenv" value="sun.awt.Win32GraphicsEnvironment"/>
    <property name="surefire.real.class.path" value="D:\Users\ppai2114\AppData\Local\Temp\1\surefire16962633796239183263\surefirebooter-20220916094725875_3.jar"/>
    <property name="user.script" value=""/>
    <property name="sun.management.compiler" value="HotSpot 64-Bit Tiered Compilers"/>
    <property name="java.runtime.version" value="11.0.14+8-LTS-263"/>
    <property name="user.name" value="ppai2114"/>
    <property name="path.separator" value=";"/>
    <property name="os.version" value="10.0"/>
    <property name="java.runtime.name" value="Java(TM) SE Runtime Environment"/>
    <property name="file.encoding" value="Cp1252"/>
    <property name="java.vm.name" value="Java HotSpot(TM) 64-Bit Server VM"/>
    <property name="java.vendor.version" value="18.9"/>
    <property name="localRepository" value="D:\Users\ppai2114\.m2\repository"/>
    <property name="cucumber.options" value="--plugin io.qameta.allure.cucumber5jvm.AllureCucumber5Jvm"/>
    <property name="java.vendor.url.bug" value="https://bugreport.java.com/bugreport/"/>
    <property name="java.io.tmpdir" value="D:\Users\ppai2114\AppData\Local\Temp\1\"/>
    <property name="java.version" value="11.0.14"/>
    <property name="user.dir" value="D:\Users\ppai2114\eclipse-workspace\CucumberTestNg"/>
    <property name="os.arch" value="amd64"/>
    <property name="java.vm.specification.name" value="Java Virtual Machine Specification"/>
    <property name="java.awt.printerjob" value="sun.awt.windows.WPrinterJob"/>
    <property name="sun.os.patch.level" value=""/>
    <property name="java.library.path" value="C:\Program Files\Java\jdk-11.0.14\bin;C:\WINDOWS\Sun\Java\bin;C:\WINDOWS\system32;C:\WINDOWS;C:\Program Files\Common Files\Oracle\Java\javapath;C:\ProgramData\Oracle\Java\javapath;C:\WINDOWS\system32;C:\WINDOWS;C:\WINDOWS\System32\Wbem;C:\WINDOWS\System32\WindowsPowerShell\v1.0\;C:\WINDOWS\System32\OpenSSH\;C:\Program Files\Amazon\AWSCLI\bin\;D:\Users\ppai2114\apache-maven-3.8.5\bin;D:\Users\ppai2114\allure-2.19.0\bin;D:\Users\ppai2114\AppData\Local\Microsoft\WindowsApps;D:\Users\ppai2114\AppData\Local\Programs\Git\cmd;."/>
    <property name="java.vendor" value="Oracle Corporation"/>
    <property name="java.vm.info" value="mixed mode"/>
    <property name="java.vm.version" value="11.0.14+8-LTS-263"/>
    <property name="sun.io.unicode.encoding" value="UnicodeLittle"/>
    <property name="java.class.version" value="55.0"/>
  </properties>
  <testcase name="runScenario[&quot;Accounts page title&quot;, &quot;Account Page Feature&quot;](2)" classname="testrunners.TestRunner" time="32.065">
    <failure type="java.lang.NullPointerException"><![CDATA[java.lang.NullPointerException
	at hooks.CucumberApplicationHook.TakeScreenShot(CucumberApplicationHook.java:49)
	at hooks.CucumberApplicationHook.TakeScreenshotBeforeSceanrio(CucumberApplicationHook.java:34)
]]></failure>
    <system-out><![CDATA[
Scenario: Verify Portal page alert     # src/test/resources/features/LoginPage.feature:3

@accounts
Scenario: Accounts section count                  # src/test/resources/features/UserAccountPage.feature:15

Scenario: Successful login with right credentials (registered user) & Verify # src/test/resources/features/LoginPage.feature:9

@accounts
Scenario: Accounts page title                               # src/test/resources/features/UserAccountPage.feature:9
      java.lang.NullPointerException
	at hooks.CucumberApplicationHook.TakeScreenShot(CucumberApplicationHook.java:49)
	at hooks.CucumberApplicationHook.TakeScreenshotBeforeSceanrio(CucumberApplicationHook.java:34)

      java.lang.NullPointerException
	at hooks.CucumberApplicationHook.TakeScreenShot(CucumberApplicationHook.java:49)
	at hooks.CucumberApplicationHook.TakeScreenshotBeforeSceanrio(CucumberApplicationHook.java:34)

      java.lang.NullPointerException
	at hooks.CucumberApplicationHook.TakeScreenShot(CucumberApplicationHook.java:49)
	at hooks.CucumberApplicationHook.TakeScreenshotBeforeSceanrio(CucumberApplicationHook.java:34)

      java.lang.NullPointerException
	at hooks.CucumberApplicationHook.TakeScreenShot(CucumberApplicationHook.java:49)
	at hooks.CucumberApplicationHook.TakeScreenshotBeforeSceanrio(CucumberApplicationHook.java:34)

  Given user has already logged in to application # stepdefinitions.UserAccountPageSteps.user_has_already_logged_in_to_application(io.cucumber.datatable.DataTable)
    | username                  | password    |
    | qalearningspace@gmail.com | Testing@123 |
  Given user is on the login page                                            # stepdefinitions.LoginPageSteps.user_is_on_the_login_page()
  When user enters username "qalearningspace@gmail.com"                      # stepdefinitions.LoginPageSteps.user_enters_username(java.lang.String)
  And user enters password "Testing@123"                                     # stepdefinitions.LoginPageSteps.user_enters_password(java.lang.String)
  And user clicks on Login button                                            # stepdefinitions.LoginPageSteps.user_clicks_on_login_button()
  Then user gets the title of useraccount page                               # stepdefinitions.LoginPageSteps.user_gets_the_title_of_the_next_landing_page_i_e_useraccount_page()
  Given user is on Accounts page                  # stepdefinitions.UserAccountPageSteps.user_is_on_accounts_page()
  And useraccount page title should be "My account - My Store"               # stepdefinitions.LoginPageSteps.useraccount_page_title_should_be(java.lang.String)
  Then user gets accounts section                 # stepdefinitions.UserAccountPageSteps.user_gets_accounts_section(io.cucumber.datatable.DataTable)
    | ORDER HISTORY AND DETAILS |
    | MY CREDIT SLIPS           |
    | MY ADDRESSES              |
    | MY PERSONAL INFORMATION   |
    | MY WISHLISTS              |
    | Home                      |
  And accounts section count should be 6          # stepdefinitions.UserAccountPageSteps.accounts_section_count_should_be(java.lang.Integer)
  And log out of the application                  # stepdefinitions.UserAccountPageSteps.log_out_of_the_application()

    Embedding FailedScreenshot_for_Successful login with right credentials (registered user) & Verify [image/png 4189 bytes]

  Given user has already logged in to application           # stepdefinitions.UserAccountPageSteps.user_has_already_logged_in_to_application(io.cucumber.datatable.DataTable)
    | username                  | password    |
    | qalearningspace@gmail.com | Testing@123 |
  Given user is on Accounts page                            # stepdefinitions.UserAccountPageSteps.user_is_on_accounts_page()
  When user gets the title of account page                  # stepdefinitions.UserAccountPageSteps.user_gets_the_title_of_the_next_landing_page_i_e_useraccount_page()
  Then account page title should be "My account - My Store" # stepdefinitions.UserAccountPageSteps.useraccount_page_title_should_be(java.lang.String)

    Embedding FailedScreenshot_for_Accounts page title [image/png 4189 bytes]

  Given user is on the login page      # stepdefinitions.LoginPageSteps.user_is_on_the_login_page()
  When user gets the title of the page # stepdefinitions.LoginPageSteps.user_gets_the_title_of_the_page()
  Then page title should be ""         # stepdefinitions.LoginPageSteps.page_title_should_be(java.lang.String)

    Embedding FailedScreenshot_for_Accounts section count [image/png 4189 bytes]


    Embedding FailedScreenshot_for_Verify Portal page alert [image/png 4189 bytes]

]]></system-out>
    <system-err><![CDATA[SLF4J: Failed to load class "org.slf4j.impl.StaticLoggerBinder".
SLF4J: Defaulting to no-operation (NOP) logger implementation
SLF4J: See http://www.slf4j.org/codes.html#StaticLoggerBinder for further details.
Starting ChromeDriver 104.0.5112.79 (3cf3e8c8a07d104b9e1260c910efb8f383285dc5-refs/branch-heads/5112@{#1307}) on port 60182
Only local connections are allowed.
Please see https://chromedriver.chromium.org/security-considerations for suggestions on keeping ChromeDriver safe.
ChromeDriver was started successfully.
Starting ChromeDriver 104.0.5112.79 (3cf3e8c8a07d104b9e1260c910efb8f383285dc5-refs/branch-heads/5112@{#1307}) on port 63848
Only local connections are allowed.
Please see https://chromedriver.chromium.org/security-considerations for suggestions on keeping ChromeDriver safe.
ChromeDriver was started successfully.
Starting ChromeDriver 104.0.5112.79 (3cf3e8c8a07d104b9e1260c910efb8f383285dc5-refs/branch-heads/5112@{#1307}) on port 50352
Only local connections are allowed.
Please see https://chromedriver.chromium.org/security-considerations for suggestions on keeping ChromeDriver safe.
ChromeDriver was started successfully.
Starting ChromeDriver 104.0.5112.79 (3cf3e8c8a07d104b9e1260c910efb8f383285dc5-refs/branch-heads/5112@{#1307}) on port 54014
Only local connections are allowed.
Please see https://chromedriver.chromium.org/security-considerations for suggestions on keeping ChromeDriver safe.
ChromeDriver was started successfully.
[1663336070.964][WARNING]: This version of ChromeDriver has not been tested with Chrome version 105.
[1663336073.330][WARNING]: This version of ChromeDriver has not been tested with Chrome version 105.
[1663336074.070][WARNING]: This version of ChromeDriver has not been tested with Chrome version 105.
[1663336074.421][WARNING]: This version of ChromeDriver has not been tested with Chrome version 105.
Sep 16, 2022 9:48:03 AM org.openqa.selenium.remote.ProtocolHandshake createSession
INFO: Detected upstream dialect: W3C
Sep 16, 2022 9:48:03 AM org.openqa.selenium.devtools.CdpVersionFinder findNearestMatch
WARNING: Unable to find an exact match for CDP version 105, so returning the closest version found: 103
Sep 16, 2022 9:48:03 AM org.openqa.selenium.devtools.CdpVersionFinder findNearestMatch
INFO: Found CDP implementation for version 105 of 103
Sep 16, 2022 9:48:04 AM org.openqa.selenium.remote.ProtocolHandshake createSession
INFO: Detected upstream dialect: W3C
Sep 16, 2022 9:48:04 AM org.openqa.selenium.devtools.CdpVersionFinder findNearestMatch
WARNING: Unable to find an exact match for CDP version 105, so returning the closest version found: 103
Sep 16, 2022 9:48:04 AM org.openqa.selenium.devtools.CdpVersionFinder findNearestMatch
INFO: Found CDP implementation for version 105 of 103
Sep 16, 2022 9:48:04 AM org.openqa.selenium.remote.ProtocolHandshake createSession
INFO: Detected upstream dialect: W3C
Sep 16, 2022 9:48:04 AM org.openqa.selenium.devtools.CdpVersionFinder findNearestMatch
WARNING: Unable to find an exact match for CDP version 105, so returning the closest version found: 103
Sep 16, 2022 9:48:04 AM org.openqa.selenium.devtools.CdpVersionFinder findNearestMatch
INFO: Found CDP implementation for version 105 of 103
Sep 16, 2022 9:48:04 AM org.openqa.selenium.remote.ProtocolHandshake createSession
INFO: Detected upstream dialect: W3C
Sep 16, 2022 9:48:04 AM org.openqa.selenium.devtools.CdpVersionFinder findNearestMatch
WARNING: Unable to find an exact match for CDP version 105, so returning the closest version found: 103
Sep 16, 2022 9:48:04 AM org.openqa.selenium.devtools.CdpVersionFinder findNearestMatch
INFO: Found CDP implementation for version 105 of 103
]]></system-err>
  </testcase>
  <testcase name="runScenario[&quot;Verify Portal page alert&quot;, &quot;Login page feature for the e-commerce website&quot;](2)" classname="testrunners.TestRunner" time="32.065">
    <failure type="java.lang.NullPointerException"><![CDATA[java.lang.NullPointerException
	at hooks.CucumberApplicationHook.TakeScreenShot(CucumberApplicationHook.java:49)
	at hooks.CucumberApplicationHook.TakeScreenshotBeforeSceanrio(CucumberApplicationHook.java:34)
]]></failure>
  </testcase>
  <testcase name="runScenario[&quot;Accounts section count&quot;, &quot;Account Page Feature&quot;](3)" classname="testrunners.TestRunner" time="32.945">
    <failure type="java.lang.NullPointerException"><![CDATA[java.lang.NullPointerException
	at hooks.CucumberApplicationHook.TakeScreenShot(CucumberApplicationHook.java:49)
	at hooks.CucumberApplicationHook.TakeScreenshotBeforeSceanrio(CucumberApplicationHook.java:34)
]]></failure>
  </testcase>
  <testcase name="runScenario[&quot;Successful login with right credentials (registered user) &amp; Verify&quot;, &quot;Login page feature for the e-commerce website&quot;](4)" classname="testrunners.TestRunner" time="33.875">
    <failure type="java.lang.NullPointerException"><![CDATA[java.lang.NullPointerException
	at hooks.CucumberApplicationHook.TakeScreenShot(CucumberApplicationHook.java:49)
	at hooks.CucumberApplicationHook.TakeScreenshotBeforeSceanrio(CucumberApplicationHook.java:34)
]]></failure>
  </testcase>
</testsuite>