<?xml version="1.0" encoding="UTF-8"?>
<!-- Generated by org.testng.reporters.JUnitReportReporter -->
<testsuite hostname="DESKTOP-DIMGNTL" failures="0" tests="4" name="testrunners.TestRunner" time="201.820" errors="0" timestamp="2022-09-17T21:59:32 EDT" skipped="0">
  <testcase classname="testrunners.TestRunner" name="runScenario" time="48.735"/>
  <system-out/>
  <testcase classname="testrunners.TestRunner" name="runScenario" time="52.100"/>
  <system-out/>
  <testcase classname="testrunners.TestRunner" name="runScenario" time="51.995"/>
  <system-out/>
  <testcase classname="testrunners.TestRunner" name="runScenario" time="48.990"/>
  <system-out/>
</testsuite> <!-- testrunners.TestRunner -->
