<?xml version="1.0" encoding="UTF-8"?>
<!-- Generated by org.testng.reporters.JUnitReportReporter -->
<testsuite hostname="DESKTOP-DIMGNTL" failures="0" tests="1" name="testrunners.FailedTestRunner" time="54.256" errors="0" timestamp="2022-08-30T17:59:47 EDT" skipped="0">
  <testcase classname="testrunners.FailedTestRunner" name="runScenario" time="54.256"/>
  <system-out/>
</testsuite> <!-- testrunners.FailedTestRunner -->
