<?xml version="1.0" encoding="UTF-8"?>
<!-- Generated by org.testng.reporters.JUnitReportReporter -->
<testsuite hostname="DESKTOP-DIMGNTL" failures="0" tests="4" name="testrunners.TestRunner" time="130.862" errors="4" timestamp="2022-09-16T09:48:11 EDT" skipped="0">
  <testcase classname="testrunners.TestRunner" name="runScenario" time="33.869">
    <error type="java.lang.NullPointerException">
      <![CDATA[java.lang.NullPointerException
at hooks.CucumberApplicationHook.TakeScreenShot(CucumberApplicationHook.java:49)
at hooks.CucumberApplicationHook.TakeScreenshotBeforeSceanrio(CucumberApplicationHook.java:34)
]]>
    </error>
  </testcase> <!-- runScenario -->
  <system-out/>
  <testcase classname="testrunners.TestRunner" name="runScenario" time="32.043">
    <error type="java.lang.NullPointerException">
      <![CDATA[java.lang.NullPointerException
at hooks.CucumberApplicationHook.TakeScreenShot(CucumberApplicationHook.java:49)
at hooks.CucumberApplicationHook.TakeScreenshotBeforeSceanrio(CucumberApplicationHook.java:34)
]]>
    </error>
  </testcase> <!-- runScenario -->
  <system-out/>
  <testcase classname="testrunners.TestRunner" name="runScenario" time="32.907">
    <error type="java.lang.NullPointerException">
      <![CDATA[java.lang.NullPointerException
at hooks.CucumberApplicationHook.TakeScreenShot(CucumberApplicationHook.java:49)
at hooks.CucumberApplicationHook.TakeScreenshotBeforeSceanrio(CucumberApplicationHook.java:34)
]]>
    </error>
  </testcase> <!-- runScenario -->
  <system-out/>
  <testcase classname="testrunners.TestRunner" name="runScenario" time="32.043">
    <error type="java.lang.NullPointerException">
      <![CDATA[java.lang.NullPointerException
at hooks.CucumberApplicationHook.TakeScreenShot(CucumberApplicationHook.java:49)
at hooks.CucumberApplicationHook.TakeScreenshotBeforeSceanrio(CucumberApplicationHook.java:34)
]]>
    </error>
  </testcase> <!-- runScenario -->
  <system-out/>
</testsuite> <!-- testrunners.TestRunner -->
